<?xml version="1.0" encoding="UTF-8"?>
<robot generator="Robot 3.2.2 (Python 3.9.1 on win32)" generated="20210114 22:56:06.347" rpa="false">
<suite id="s1" name="TC" source="C:\Users\Admin\PycharmProjects\FlipkartAuto\TestCases\TC.robot">
<test id="s1-t1" name="Flipkart">
<kw name="Open Browser" library="SeleniumLibrary">
<doc>Opens a new browser instance to the optional ``url``.</doc>
<arguments>
<arg>${url}</arg>
<arg>${browser}</arg>
</arguments>
<msg timestamp="20210114 22:56:06.590" level="INFO">Opening browser 'chrome' to base url 'https://www.google.co.in/'.</msg>
<status status="PASS" starttime="20210114 22:56:06.590" endtime="20210114 22:56:11.576"></status>
</kw>
<kw name="Maximize Browser Window" library="SeleniumLibrary">
<doc>Maximizes current browser window.</doc>
<status status="PASS" starttime="20210114 22:56:11.576" endtime="20210114 22:56:12.703"></status>
</kw>
<kw name="Search for Flipkart">
<kw name="Input Text" library="SeleniumLibrary">
<doc>Types the given ``text`` into the text field identified by ``locator``.</doc>
<arguments>
<arg>xpath://input[@class='gLFyf gsfi']</arg>
<arg>Flipkart</arg>
</arguments>
<msg timestamp="20210114 22:56:12.703" level="INFO">Typing text 'Flipkart' into text field 'xpath://input[@class='gLFyf gsfi']'.</msg>
<status status="PASS" starttime="20210114 22:56:12.703" endtime="20210114 22:56:12.843"></status>
</kw>
<kw name="Click Element" library="SeleniumLibrary">
<doc>Click the element identified by ``locator``.</doc>
<arguments>
<arg>xpath:(//input[@class='gNO89b'])[2]</arg>
</arguments>
<msg timestamp="20210114 22:56:12.843" level="INFO">Clicking element 'xpath:(//input[@class='gNO89b'])[2]'.</msg>
<status status="PASS" starttime="20210114 22:56:12.843" endtime="20210114 22:56:13.986"></status>
</kw>
<status status="PASS" starttime="20210114 22:56:12.703" endtime="20210114 22:56:13.986"></status>
</kw>
<kw name="Click on Flipkart Website">
<kw name="Click Element" library="SeleniumLibrary">
<doc>Click the element identified by ``locator``.</doc>
<arguments>
<arg>xpath://h3[@class='LC20lb DKV0Md']//span</arg>
</arguments>
<msg timestamp="20210114 22:56:13.990" level="INFO">Clicking element 'xpath://h3[@class='LC20lb DKV0Md']//span'.</msg>
<status status="PASS" starttime="20210114 22:56:13.990" endtime="20210114 22:56:18.481"></status>
</kw>
<status status="PASS" starttime="20210114 22:56:13.989" endtime="20210114 22:56:18.482"></status>
</kw>
<kw name="Login">
<kw name="Clear Element Text" library="SeleniumLibrary">
<doc>Clears the value of the text-input-element identified by ``locator``.</doc>
<arguments>
<arg>xpath://input[@class='_2IX_2- VJZDxU']</arg>
</arguments>
<status status="PASS" starttime="20210114 22:56:18.507" endtime="20210114 22:56:18.766"></status>
</kw>
<kw name="Input Text" library="SeleniumLibrary">
<doc>Types the given ``text`` into the text field identified by ``locator``.</doc>
<arguments>
<arg>xpath://input[@class='_2IX_2- VJZDxU']</arg>
<arg>6360925885</arg>
</arguments>
<msg timestamp="20210114 22:56:18.767" level="INFO">Typing text '6360925885' into text field 'xpath://input[@class='_2IX_2- VJZDxU']'.</msg>
<status status="PASS" starttime="20210114 22:56:18.766" endtime="20210114 22:56:18.932"></status>
</kw>
<kw name="Clear Element Text" library="SeleniumLibrary">
<doc>Clears the value of the text-input-element identified by ``locator``.</doc>
<arguments>
<arg>xpath://input[contains(@class,'_2IX_2- _3mctLh')]</arg>
</arguments>
<status status="PASS" starttime="20210114 22:56:18.932" endtime="20210114 22:56:19.012"></status>
</kw>
<kw name="Input Text" library="SeleniumLibrary">
<doc>Types the given ``text`` into the text field identified by ``locator``.</doc>
<arguments>
<arg>xpath://input[contains(@class,'_2IX_2- _3mctLh')]</arg>
<arg>Shri@flipkartpassword</arg>
</arguments>
<msg timestamp="20210114 22:56:19.012" level="INFO">Typing text 'Shri@flipkartpassword' into text field 'xpath://input[contains(@class,'_2IX_2- _3mctLh')]'.</msg>
<status status="PASS" starttime="20210114 22:56:19.012" endtime="20210114 22:56:19.190"></status>
</kw>
<kw name="Click Element" library="SeleniumLibrary">
<doc>Click the element identified by ``locator``.</doc>
<arguments>
<arg>xpath:(//span[text()='Login'])[2]</arg>
</arguments>
<msg timestamp="20210114 22:56:19.191" level="INFO">Clicking element 'xpath:(//span[text()='Login'])[2]'.</msg>
<status status="PASS" starttime="20210114 22:56:19.190" endtime="20210114 22:56:19.296"></status>
</kw>
<status status="PASS" starttime="20210114 22:56:18.506" endtime="20210114 22:56:19.296"></status>
</kw>
<kw name="View Cart">
<kw name="Sleep" library="BuiltIn">
<doc>Pauses the test executed for the given time.</doc>
<arguments>
<arg>2</arg>
</arguments>
<msg timestamp="20210114 22:56:21.309" level="INFO">Slept 2 seconds</msg>
<status status="PASS" starttime="20210114 22:56:19.307" endtime="20210114 22:56:21.309"></status>
</kw>
<kw name="Click Element" library="SeleniumLibrary">
<doc>Click the element identified by ``locator``.</doc>
<arguments>
<arg>xpath://span[text()='Cart']</arg>
</arguments>
<msg timestamp="20210114 22:56:21.309" level="INFO">Clicking element 'xpath://span[text()='Cart']'.</msg>
<status status="PASS" starttime="20210114 22:56:21.309" endtime="20210114 22:56:21.404"></status>
</kw>
<kw name="Sleep" library="BuiltIn">
<doc>Pauses the test executed for the given time.</doc>
<arguments>
<arg>2</arg>
</arguments>
<msg timestamp="20210114 22:56:23.412" level="INFO">Slept 2 seconds</msg>
<status status="PASS" starttime="20210114 22:56:21.405" endtime="20210114 22:56:23.413"></status>
</kw>
<status status="PASS" starttime="20210114 22:56:19.306" endtime="20210114 22:56:23.414"></status>
</kw>
<kw name="Capture Cart screenshot">
<kw name="Capture Page Screenshot" library="SeleniumLibrary">
<doc>Takes a screenshot of the current page and embeds it into a log file.</doc>
<arguments>
<arg>C:/Users/Admin/PycharmProjects/FlipkartAuto/TestCases/FirstViewCart.png</arg>
</arguments>
<msg timestamp="20210114 22:56:23.742" level="INFO" html="yes">&lt;/td&gt;&lt;/tr&gt;&lt;tr&gt;&lt;td colspan="3"&gt;&lt;a href="TestCases/FirstViewCart.png"&gt;&lt;img src="TestCases/FirstViewCart.png" width="800px"&gt;&lt;/a&gt;</msg>
<status status="PASS" starttime="20210114 22:56:23.425" endtime="20210114 22:56:23.742"></status>
</kw>
<status status="PASS" starttime="20210114 22:56:23.424" endtime="20210114 22:56:23.742"></status>
</kw>
<kw name="shop now">
<kw name="Click Element" library="SeleniumLibrary">
<doc>Click the element identified by ``locator``.</doc>
<arguments>
<arg>xpath://span[text()='Shop now']</arg>
</arguments>
<msg timestamp="20210114 22:56:23.742" level="INFO">Clicking element 'xpath://span[text()='Shop now']'.</msg>
<status status="PASS" starttime="20210114 22:56:23.742" endtime="20210114 22:56:23.850"></status>
</kw>
<kw name="Sleep" library="BuiltIn">
<doc>Pauses the test executed for the given time.</doc>
<arguments>
<arg>2</arg>
</arguments>
<msg timestamp="20210114 22:56:25.861" level="INFO">Slept 2 seconds</msg>
<status status="PASS" starttime="20210114 22:56:23.851" endtime="20210114 22:56:25.861"></status>
</kw>
<status status="PASS" starttime="20210114 22:56:23.742" endtime="20210114 22:56:25.861"></status>
</kw>
<kw name="Select Electronics product">
<kw name="Click Element" library="SeleniumLibrary">
<doc>Click the element identified by ``locator``.</doc>
<arguments>
<arg>xpath://div[@class='_1kidPb']//span</arg>
</arguments>
<msg timestamp="20210114 22:56:25.861" level="INFO">Clicking element 'xpath://div[@class='_1kidPb']//span'.</msg>
<status status="PASS" starttime="20210114 22:56:25.861" endtime="20210114 22:56:25.981"></status>
</kw>
<kw name="Sleep" library="BuiltIn">
<doc>Pauses the test executed for the given time.</doc>
<arguments>
<arg>2</arg>
</arguments>
<msg timestamp="20210114 22:56:27.985" level="INFO">Slept 2 seconds</msg>
<status status="PASS" starttime="20210114 22:56:25.982" endtime="20210114 22:56:27.985"></status>
</kw>
<status status="PASS" starttime="20210114 22:56:25.861" endtime="20210114 22:56:27.985"></status>
</kw>
<kw name="Select MI under mobile phones">
<kw name="Click Element" library="SeleniumLibrary">
<doc>Click the element identified by ``locator``.</doc>
<arguments>
<arg>xpath://a[@class='_3QN6WI']</arg>
</arguments>
<msg timestamp="20210114 22:56:27.987" level="INFO">Clicking element 'xpath://a[@class='_3QN6WI']'.</msg>
<status status="PASS" starttime="20210114 22:56:27.986" endtime="20210114 22:56:28.070"></status>
</kw>
<kw name="Sleep" library="BuiltIn">
<doc>Pauses the test executed for the given time.</doc>
<arguments>
<arg>2</arg>
</arguments>
<msg timestamp="20210114 22:56:30.072" level="INFO">Slept 2 seconds</msg>
<status status="PASS" starttime="20210114 22:56:28.071" endtime="20210114 22:56:30.072"></status>
</kw>
<status status="PASS" starttime="20210114 22:56:27.986" endtime="20210114 22:56:30.072"></status>
</kw>
<kw name="selecting smartphone">
<kw name="Scroll Element Into View" library="SeleniumLibrary">
<doc>Scrolls the element identified by ``locator`` into view.</doc>
<arguments>
<arg>xpath://div[text()='₹13,779']</arg>
</arguments>
<status status="PASS" starttime="20210114 22:56:30.074" endtime="20210114 22:56:30.383"></status>
</kw>
<kw name="Sleep" library="BuiltIn">
<doc>Pauses the test executed for the given time.</doc>
<arguments>
<arg>2</arg>
</arguments>
<msg timestamp="20210114 22:56:32.395" level="INFO">Slept 2 seconds</msg>
<status status="PASS" starttime="20210114 22:56:30.384" endtime="20210114 22:56:32.395"></status>
</kw>
<kw name="Click Element" library="SeleniumLibrary">
<doc>Click the element identified by ``locator``.</doc>
<arguments>
<arg>xpath://div[text()='₹13,779']</arg>
</arguments>
<msg timestamp="20210114 22:56:32.395" level="INFO">Clicking element 'xpath://div[text()='₹13,779']'.</msg>
<status status="PASS" starttime="20210114 22:56:32.395" endtime="20210114 22:56:32.591"></status>
</kw>
<kw name="Select Window" library="SeleniumLibrary">
<doc>DEPRECATED in SeleniumLibrary 4.0. , use `Switch Window` instead.</doc>
<arguments>
<arg>NEW</arg>
</arguments>
<status status="PASS" starttime="20210114 22:56:32.592" endtime="20210114 22:56:32.607"></status>
</kw>
<kw name="Sleep" library="BuiltIn">
<doc>Pauses the test executed for the given time.</doc>
<arguments>
<arg>2</arg>
</arguments>
<msg timestamp="20210114 22:56:34.608" level="INFO">Slept 2 seconds</msg>
<status status="PASS" starttime="20210114 22:56:32.607" endtime="20210114 22:56:34.608"></status>
</kw>
<status status="PASS" starttime="20210114 22:56:30.074" endtime="20210114 22:56:34.608"></status>
</kw>
<kw name="add to cart">
<kw name="Click Element" library="SeleniumLibrary">
<doc>Click the element identified by ``locator``.</doc>
<arguments>
<arg>xpath://button[text()='ADD TO CART']</arg>
</arguments>
<msg timestamp="20210114 22:56:34.611" level="INFO">Clicking element 'xpath://button[text()='ADD TO CART']'.</msg>
<status status="PASS" starttime="20210114 22:56:34.610" endtime="20210114 22:56:35.762"></status>
</kw>
<kw name="Sleep" library="BuiltIn">
<doc>Pauses the test executed for the given time.</doc>
<arguments>
<arg>2</arg>
</arguments>
<msg timestamp="20210114 22:56:37.784" level="INFO">Slept 2 seconds</msg>
<status status="PASS" starttime="20210114 22:56:35.763" endtime="20210114 22:56:37.784"></status>
</kw>
<status status="PASS" starttime="20210114 22:56:34.610" endtime="20210114 22:56:37.784"></status>
</kw>
<kw name="Capture Product screenshot from cart">
<kw name="Capture Page Screenshot" library="SeleniumLibrary">
<doc>Takes a screenshot of the current page and embeds it into a log file.</doc>
<arguments>
<arg>C:/Users/Admin/PycharmProjects/FlipkartAuto/TestCases/Product.png</arg>
</arguments>
<msg timestamp="20210114 22:56:38.132" level="INFO" html="yes">&lt;/td&gt;&lt;/tr&gt;&lt;tr&gt;&lt;td colspan="3"&gt;&lt;a href="TestCases/Product.png"&gt;&lt;img src="TestCases/Product.png" width="800px"&gt;&lt;/a&gt;</msg>
<status status="PASS" starttime="20210114 22:56:37.784" endtime="20210114 22:56:38.132"></status>
</kw>
<kw name="Sleep" library="BuiltIn">
<doc>Pauses the test executed for the given time.</doc>
<arguments>
<arg>2</arg>
</arguments>
<msg timestamp="20210114 22:56:40.134" level="INFO">Slept 2 seconds</msg>
<status status="PASS" starttime="20210114 22:56:38.132" endtime="20210114 22:56:40.134"></status>
</kw>
<status status="PASS" starttime="20210114 22:56:37.784" endtime="20210114 22:56:40.134"></status>
</kw>
<kw name="Close Browser" library="SeleniumLibrary">
<doc>Closes the current browser.</doc>
<status status="PASS" starttime="20210114 22:56:40.134" endtime="20210114 22:56:42.423"></status>
</kw>
<status status="PASS" starttime="20210114 22:56:06.589" endtime="20210114 22:56:42.423" critical="yes"></status>
</test>
<status status="PASS" starttime="20210114 22:56:06.350" endtime="20210114 22:56:42.454"></status>
</suite>
<statistics>
<total>
<stat pass="1" fail="0">Critical Tests</stat>
<stat pass="1" fail="0">All Tests</stat>
</total>
<tag>
</tag>
<suite>
<stat pass="1" fail="0" id="s1" name="TC">TC</stat>
</suite>
</statistics>
<errors>
</errors>
</robot>
